2021-06-01 11:03:44 [httpLog] {"method":"GET","url":"/","data":{},"startTime":"2021-06-01 11:03:44","endTime":"2021-06-01 11:03:44","timeLength":2}
2021-06-01 11:03:58 [httpLog] {"method":"GET","url":"/","data":{},"startTime":"2021-06-01 11:03:58","endTime":"2021-06-01 11:03:58","timeLength":1}
2021-06-01 11:04:11 [httpLog] {"method":"GET","url":"/user","data":{},"startTime":"2021-06-01 11:04:11","endTime":"2021-06-01 11:04:11","timeLength":5}
2021-06-01 11:04:14 [httpLog] {"method":"POST","url":"/login","data":{"name":"admin","pwd":"admin"},"startTime":"2021-06-01 11:04:14","endTime":"2021-06-01 11:04:14","timeLength":2}
2021-06-01 11:04:14 [httpLog] {"method":"GET","url":"/user","data":{},"startTime":"2021-06-01 11:04:14","endTime":"2021-06-01 11:04:14","timeLength":3}
2021-06-01 11:06:04 [httpLog] {"method":"GET","url":"/","data":{},"startTime":"2021-06-01 11:06:04","endTime":"2021-06-01 11:06:04","timeLength":2}
2021-06-01 11:13:33 [httpLog] {"method":"GET","url":"/newApplication","data":{},"startTime":"2021-06-01 11:13:33","endTime":"2021-06-01 11:13:33","timeLength":2}
2021-06-01 11:14:20 [httpLog] {"method":"GET","url":"/newApplication","data":{},"startTime":"2021-06-01 11:14:20","endTime":"2021-06-01 11:14:20","timeLength":3}
2021-06-01 11:17:56 [httpLog] {"method":"GET","url":"/newApplication","data":{},"startTime":"2021-06-01 11:17:56","endTime":"2021-06-01 11:17:56","timeLength":3}
2021-06-01 11:19:34 [httpLog] {"method":"GET","url":"/newApplication","data":{},"startTime":"2021-06-01 11:19:34","endTime":"2021-06-01 11:19:34","timeLength":4}
2021-06-01 11:19:50 [httpLog] {"method":"GET","url":"/newApplication","data":{},"startTime":"2021-06-01 11:19:50","endTime":"2021-06-01 11:19:50","timeLength":10}
2021-06-01 11:27:03 [httpLog] {"method":"GET","url":"/newContext","data":{},"startTime":"2021-06-01 11:27:03","endTime":"2021-06-01 11:27:03","timeLength":3}
2021-06-01 11:27:08 [httpLog] {"method":"GET","url":"/newContext?id=100","data":{},"startTime":"2021-06-01 11:27:08","endTime":"2021-06-01 11:27:08","timeLength":2}
2021-06-01 11:28:10 [httpLog] {"method":"POST","url":"/newContext","data":{"id":"100","big":"sure"},"startTime":"2021-06-01 11:28:10","endTime":"2021-06-01 11:28:10","timeLength":0}
2021-06-01 11:29:35 [httpLog] {"method":"POST","url":"/newContext","data":{"id":"100","big":"sure"},"startTime":"2021-06-01 11:29:35","endTime":"2021-06-01 11:29:35","timeLength":5}
2021-06-01 11:30:21 [httpLog] {"method":"GET","url":"/newContext","data":{},"startTime":"2021-06-01 11:30:21","endTime":"2021-06-01 11:30:21","timeLength":0}
2021-06-01 11:34:27 [httpLog] {"method":"GET","url":"/newRequest","data":{},"startTime":"2021-06-01 11:34:27","endTime":"2021-06-01 11:34:27","timeLength":1}
2021-06-01 11:34:33 [httpLog] {"method":"GET","url":"/newRequest","data":{},"startTime":"2021-06-01 11:34:33","endTime":"2021-06-01 11:34:33","timeLength":7}
2021-06-01 11:34:34 [httpLog] {"method":"GET","url":"/newRequest","data":{},"startTime":"2021-06-01 11:34:34","endTime":"2021-06-01 11:34:34","timeLength":3}
2021-06-01 11:34:34 [httpLog] {"method":"GET","url":"/newRequest","data":{},"startTime":"2021-06-01 11:34:34","endTime":"2021-06-01 11:34:34","timeLength":3}
2021-06-01 11:34:39 [httpLog] {"method":"GET","url":"/newRequest","data":{},"startTime":"2021-06-01 11:34:39","endTime":"2021-06-01 11:34:39","timeLength":6}
2021-06-01 11:34:59 [httpLog] {"method":"GET","url":"/newRequest","data":{"id":"100","big":"sure"},"startTime":"2021-06-01 11:34:59","endTime":"2021-06-01 11:34:59","timeLength":6}
2021-06-01 11:35:20 [httpLog] {"method":"GET","url":"/newRequest","data":{"id":"100","big":"sure"},"startTime":"2021-06-01 11:35:20","endTime":"2021-06-01 11:35:20","timeLength":4}
2021-06-01 11:36:47 [httpLog] {"method":"GET","url":"/newRequest","data":{"id":"100","big":"sure"},"startTime":"2021-06-01 11:36:47","endTime":"2021-06-01 11:36:47","timeLength":6}
2021-06-01 11:40:49 [httpLog] {"method":"GET","url":"/newResponse","data":{},"startTime":"2021-06-01 11:40:49","endTime":"2021-06-01 11:40:49","timeLength":2}
2021-06-01 11:40:55 [httpLog] {"method":"GET","url":"/newResponse","data":{},"startTime":"2021-06-01 11:40:55","endTime":"2021-06-01 11:40:55","timeLength":1}
2021-06-01 11:45:20 [httpLog] {"method":"GET","url":"/newResponse","data":{},"startTime":"2021-06-01 11:45:20","endTime":"2021-06-01 11:45:20","timeLength":3}
2021-06-01 14:02:12 [httpLog] {"method":"GET","url":"/","data":{},"startTime":"2021-06-01 14:02:12","endTime":"2021-06-01 14:02:12","timeLength":6}
2021-06-01 14:02:17 [httpLog] {"method":"GET","url":"/user","data":{},"startTime":"2021-06-01 14:02:17","endTime":"2021-06-01 14:02:17","timeLength":10}
2021-06-01 14:02:20 [httpLog] {"method":"POST","url":"/login","data":{"name":"admin","pwd":"admin"},"startTime":"2021-06-01 14:02:20","endTime":"2021-06-01 14:02:20","timeLength":1}
2021-06-01 14:02:20 [httpLog] {"method":"GET","url":"/user","data":{},"startTime":"2021-06-01 14:02:20","endTime":"2021-06-01 14:02:20","timeLength":3}
2021-06-01 14:02:38 [httpLog] {"method":"GET","url":"/newResponse","data":{},"startTime":"2021-06-01 14:02:38","endTime":"2021-06-01 14:02:38","timeLength":0}
2021-06-01 14:24:09 [httpLog] {"method":"GET","url":"/newResponse","data":{},"startTime":"2021-06-01 14:24:09","endTime":"2021-06-01 14:24:09","timeLength":3}
2021-06-02 16:31:54 [httpLog] {"method":"GET","url":"/","data":{},"startTime":"2021-06-02 16:31:54","endTime":"2021-06-02 16:31:54","timeLength":5}
2021-06-02 16:42:41 [httpLog] {"method":"GET","url":"/user/lists","data":{},"startTime":"2021-06-02 16:42:40","endTime":"2021-06-02 16:42:41","timeLength":1524}
2021-06-02 16:46:48 [httpLog] {"method":"GET","url":"/user/lists","data":{},"startTime":"2021-06-02 16:46:48","endTime":"2021-06-02 16:46:48","timeLength":12}
2021-06-02 16:46:49 [httpLog] {"method":"GET","url":"/user/lists","data":{},"startTime":"2021-06-02 16:46:49","endTime":"2021-06-02 16:46:49","timeLength":5}
2021-06-02 16:49:18 [httpLog] {"method":"GET","url":"/user/detail2","data":{},"startTime":"2021-06-02 16:49:18","endTime":"2021-06-02 16:49:18","timeLength":1}
2021-06-02 16:49:26 [httpLog] {"method":"GET","url":"/user/detail2/1","data":{},"startTime":"2021-06-02 16:49:26","endTime":"2021-06-02 16:49:26","timeLength":7}
2021-06-02 16:49:31 [httpLog] {"method":"GET","url":"/user/detail2/2","data":{},"startTime":"2021-06-02 16:49:31","endTime":"2021-06-02 16:49:31","timeLength":1}
2021-06-02 16:49:34 [httpLog] {"method":"GET","url":"/user/detail2/2","data":{},"startTime":"2021-06-02 16:49:34","endTime":"2021-06-02 16:49:34","timeLength":1}
2021-06-02 16:52:52 [httpLog] {"method":"GET","url":"/user/addUser","data":{"name":"user2","pwd":"123456"},"startTime":"2021-06-02 16:52:52","endTime":"2021-06-02 16:52:52","timeLength":1}
2021-06-02 16:52:58 [httpLog] {"method":"POST","url":"/user/addUser","data":{"name":"user2","pwd":"123456"},"startTime":"2021-06-02 16:52:58","endTime":"2021-06-02 16:52:58","timeLength":1}
2021-06-02 16:53:36 [httpLog] {"method":"POST","url":"/user/add","data":{"name":"user2","pwd":"123456"},"startTime":"2021-06-02 16:53:36","endTime":"2021-06-02 16:53:36","timeLength":13}
2021-06-02 16:54:06 [httpLog] {"method":"GET","url":"/user/detail2/2","data":{},"startTime":"2021-06-02 16:54:06","endTime":"2021-06-02 16:54:06","timeLength":6}
2021-06-02 16:57:02 [httpLog] {"method":"PUT","url":"/user/edit","data":{"id":4,"name":"user2","pwd":"abc123456"},"startTime":"2021-06-02 16:57:02","endTime":"2021-06-02 16:57:02","timeLength":9}
2021-06-02 16:57:10 [httpLog] {"method":"GET","url":"/user/detail2/4","data":{},"startTime":"2021-06-02 16:57:10","endTime":"2021-06-02 16:57:10","timeLength":2}
2021-06-02 16:57:13 [httpLog] {"method":"GET","url":"/user/detail2/4","data":{},"startTime":"2021-06-02 16:57:13","endTime":"2021-06-02 16:57:13","timeLength":1}
2021-06-02 16:57:19 [httpLog] {"method":"PUT","url":"/user/edit","data":{"id":2,"name":"user2","pwd":"abc123456"},"startTime":"2021-06-02 16:57:19","endTime":"2021-06-02 16:57:19","timeLength":4}
2021-06-02 16:57:23 [httpLog] {"method":"GET","url":"/user/detail2/2","data":{},"startTime":"2021-06-02 16:57:23","endTime":"2021-06-02 16:57:23","timeLength":3}
2021-06-02 16:59:41 [httpLog] {"method":"POST","url":"/user/del","data":{"id":2},"startTime":"2021-06-02 16:59:41","endTime":"2021-06-02 16:59:41","timeLength":8}
2021-06-02 16:59:48 [httpLog] {"method":"GET","url":"/user/detail2/2","data":{},"startTime":"2021-06-02 16:59:48","endTime":"2021-06-02 16:59:48","timeLength":5}
2021-06-02 17:00:19 [httpLog] {"method":"POST","url":"/user/del","data":{"id":2},"startTime":"2021-06-02 17:00:19","endTime":"2021-06-02 17:00:19","timeLength":12}
2021-06-02 17:00:24 [httpLog] {"method":"GET","url":"/user/detail2/2","data":{},"startTime":"2021-06-02 17:00:24","endTime":"2021-06-02 17:00:24","timeLength":3}
2021-06-02 17:00:25 [httpLog] {"method":"GET","url":"/user/detail2/2","data":{},"startTime":"2021-06-02 17:00:25","endTime":"2021-06-02 17:00:25","timeLength":2}
2021-06-02 17:00:25 [httpLog] {"method":"GET","url":"/user/detail2/2","data":{},"startTime":"2021-06-02 17:00:25","endTime":"2021-06-02 17:00:25","timeLength":1}
2021-06-02 17:00:26 [httpLog] {"method":"GET","url":"/user/detail2/2","data":{},"startTime":"2021-06-02 17:00:26","endTime":"2021-06-02 17:00:26","timeLength":1}
2021-06-02 17:00:26 [httpLog] {"method":"GET","url":"/user/detail2/2","data":{},"startTime":"2021-06-02 17:00:26","endTime":"2021-06-02 17:00:26","timeLength":1}
2021-06-02 17:00:43 [httpLog] {"method":"GET","url":"/user/lists","data":{},"startTime":"2021-06-02 17:00:43","endTime":"2021-06-02 17:00:43","timeLength":7}
2021-06-02 17:25:26 [httpLog] {"method":"GET","url":"/user/lists","data":{},"startTime":"2021-06-02 17:25:26","endTime":"2021-06-02 17:25:26","timeLength":10}
2021-06-02 17:25:27 [httpLog] {"method":"GET","url":"/user/lists","data":{},"startTime":"2021-06-02 17:25:27","endTime":"2021-06-02 17:25:27","timeLength":2}
2021-06-02 17:25:28 [httpLog] {"method":"GET","url":"/user/lists","data":{},"startTime":"2021-06-02 17:25:28","endTime":"2021-06-02 17:25:28","timeLength":2}
2021-06-02 17:25:28 [httpLog] {"method":"GET","url":"/user/lists","data":{},"startTime":"2021-06-02 17:25:28","endTime":"2021-06-02 17:25:28","timeLength":1}
2021-06-02 17:25:52 [httpLog] {"method":"GET","url":"/user/lists","data":{},"startTime":"2021-06-02 17:25:52","endTime":"2021-06-02 17:25:52","timeLength":8}
2021-06-02 17:26:03 [httpLog] {"method":"GET","url":"/user/lists","data":{},"startTime":"2021-06-02 17:26:03","endTime":"2021-06-02 17:26:03","timeLength":7}
2021-06-02 17:26:35 [httpLog] {"method":"GET","url":"/user/lists","data":{},"startTime":"2021-06-02 17:26:35","endTime":"2021-06-02 17:26:35","timeLength":8}
2021-06-02 17:26:44 [httpLog] {"method":"GET","url":"/user/lists","data":{},"startTime":"2021-06-02 17:26:44","endTime":"2021-06-02 17:26:44","timeLength":6}
2021-06-02 17:28:46 [httpLog] {"method":"GET","url":"/user/detail/2","data":{},"startTime":"2021-06-02 17:28:46","endTime":"2021-06-02 17:28:46","timeLength":1}
2021-06-02 17:28:50 [httpLog] {"method":"GET","url":"/user/detail/1","data":{},"startTime":"2021-06-02 17:28:50","endTime":"2021-06-02 17:28:50","timeLength":1}
2021-06-02 17:29:03 [httpLog] {"method":"GET","url":"/user/detail?id=1","data":{},"startTime":"2021-06-02 17:29:03","endTime":"2021-06-02 17:29:03","timeLength":16}
2021-06-02 17:29:07 [httpLog] {"method":"GET","url":"/user/detail?id=2","data":{},"startTime":"2021-06-02 17:29:07","endTime":"2021-06-02 17:29:07","timeLength":3}
2021-06-02 17:29:10 [httpLog] {"method":"GET","url":"/user/detail?id=2","data":{},"startTime":"2021-06-02 17:29:10","endTime":"2021-06-02 17:29:10","timeLength":2}
2021-06-02 17:30:12 [httpLog] {"method":"POST","url":"/user/add","data":{"name":"user2","pwd":"123456"},"startTime":"2021-06-02 17:30:11","endTime":"2021-06-02 17:30:12","timeLength":27}
2021-06-02 17:33:12 [httpLog] {"method":"GET","url":"/user/lists","data":{},"startTime":"2021-06-02 17:33:12","endTime":"2021-06-02 17:33:12","timeLength":9}
2021-06-02 17:36:17 [httpLog] {"method":"PUT","url":"/user/edit","data":{"id":2,"name":"user2","pwd":"abc123456"},"startTime":"2021-06-02 17:36:16","endTime":"2021-06-02 17:36:17","timeLength":10}
2021-06-02 17:36:20 [httpLog] {"method":"PUT","url":"/user/edit","data":{"id":3,"name":"user2","pwd":"abc123456"},"startTime":"2021-06-02 17:36:20","endTime":"2021-06-02 17:36:20","timeLength":16}
2021-06-02 17:36:27 [httpLog] {"method":"GET","url":"/user/lists","data":{},"startTime":"2021-06-02 17:36:27","endTime":"2021-06-02 17:36:27","timeLength":2}
2021-06-02 17:37:17 [httpLog] {"method":"POST","url":"/user/del","data":{"id":2},"startTime":"2021-06-02 17:37:17","endTime":"2021-06-02 17:37:17","timeLength":20}
2021-06-02 17:37:20 [httpLog] {"method":"POST","url":"/user/del","data":{"id":3},"startTime":"2021-06-02 17:37:20","endTime":"2021-06-02 17:37:20","timeLength":150}
2021-06-02 17:37:22 [httpLog] {"method":"GET","url":"/user/lists","data":{},"startTime":"2021-06-02 17:37:22","endTime":"2021-06-02 17:37:22","timeLength":3}
